0 info it worked if it ends with ok
1 verbose cli [ '/usr/local/bin/node', '/usr/local/bin/npm', 'run', 'lint-js' ]
2 info using npm@3.10.10
3 info using node@v6.11.2
4 verbose run-script [ 'prelint-js', 'lint-js', 'postlint-js' ]
5 info lifecycle boxlinker-ui@1.0.0~prelint-js: boxlinker-ui@1.0.0
6 silly lifecycle boxlinker-ui@1.0.0~prelint-js: no script for prelint-js, continuing
7 info lifecycle boxlinker-ui@1.0.0~lint-js: boxlinker-ui@1.0.0
8 verbose lifecycle boxlinker-ui@1.0.0~lint-js: unsafe-perm in lifecycle true
9 verbose lifecycle boxlinker-ui@1.0.0~lint-js: PATH: /usr/local/lib/node_modules/npm/bin/node-gyp-bin:/Users/caiyue/IdeaProjects/boxlinker-ui/node_modules/.bin:/Users/caiyue/.composer/vendor/bin/:/Users/caiyue/gowork/bin:/Library/Java/JavaVirtualMachines/jdk1.8.0_121.jdk/Contents/Home/bin:/Library/Frameworks/Python.framework/Versions/3.4/bin:/Library/Frameworks/Python.framework/Versions/2.7/bin:/opt/local/bin:/opt/local/sbin:/usr/local/bin:/usr/bin:/bin:/usr/sbin:/sbin:/opt/X11/bin:/Users/caiyue/ImageMagick-6.8.8/bin:/usr/local/go/bin:/Users/caiyue/.composer/vendor/bin/:/Users/caiyue/gowork/bin:/Library/Java/JavaVirtualMachines/jdk1.8.0_121.jdk/Contents/Home/bin:/Library/Frameworks/Python.framework/Versions/3.4/bin:/Library/Frameworks/Python.framework/Versions/2.7/bin:/opt/local/bin:/opt/local/sbin:/usr/local/Cellar/imagemagick/6.8.7-7/bin:/Users/caiyue/Library/Android/sdk/platform-tools:/Users/caiyue/Library/Android/sdk/tools:/usr/local/Cellar/imagemagick/6.8.7-7/bin:/Users/caiyue/Library/Android/sdk/platform-tools:/Users/caiyue/Library/Android/sdk/tools
10 verbose lifecycle boxlinker-ui@1.0.0~lint-js: CWD: /Users/caiyue/IdeaProjects/boxlinker-ui
11 silly lifecycle boxlinker-ui@1.0.0~lint-js: Args: [ '-c', 'eslint ./src *.js --cache' ]
12 silly lifecycle boxlinker-ui@1.0.0~lint-js: Returned: code: 1  signal: null
13 info lifecycle boxlinker-ui@1.0.0~lint-js: Failed to exec lint-js script
14 verbose stack Error: boxlinker-ui@1.0.0 lint-js: `eslint ./src *.js --cache`
14 verbose stack Exit status 1
14 verbose stack     at EventEmitter.<anonymous> (/usr/local/lib/node_modules/npm/lib/utils/lifecycle.js:255:16)
14 verbose stack     at emitTwo (events.js:106:13)
14 verbose stack     at EventEmitter.emit (events.js:191:7)
14 verbose stack     at ChildProcess.<anonymous> (/usr/local/lib/node_modules/npm/lib/utils/spawn.js:40:14)
14 verbose stack     at emitTwo (events.js:106:13)
14 verbose stack     at ChildProcess.emit (events.js:191:7)
14 verbose stack     at maybeClose (internal/child_process.js:891:16)
14 verbose stack     at Process.ChildProcess._handle.onexit (internal/child_process.js:226:5)
15 verbose pkgid boxlinker-ui@1.0.0
16 verbose cwd /Users/caiyue/IdeaProjects/boxlinker-ui
17 error Darwin 16.7.0
18 error argv "/usr/local/bin/node" "/usr/local/bin/npm" "run" "lint-js"
19 error node v6.11.2
20 error npm  v3.10.10
21 error code ELIFECYCLE
22 error boxlinker-ui@1.0.0 lint-js: `eslint ./src *.js --cache`
22 error Exit status 1
23 error Failed at the boxlinker-ui@1.0.0 lint-js script 'eslint ./src *.js --cache'.
23 error Make sure you have the latest version of node.js and npm installed.
23 error If you do, this is most likely a problem with the boxlinker-ui package,
23 error not with npm itself.
23 error Tell the author that this fails on your system:
23 error     eslint ./src *.js --cache
23 error You can get information on how to open an issue for this project with:
23 error     npm bugs boxlinker-ui
23 error Or if that isn't available, you can get their info via:
23 error     npm owner ls boxlinker-ui
23 error There is likely additional logging output above.
24 verbose exit [ 1, true ]
